{"total": {"lines":{"total":1744,"covered":1620,"skipped":0,"pct":92.88},"statements":{"total":1744,"covered":1620,"skipped":0,"pct":92.88},"functions":{"total":114,"covered":107,"skipped":0,"pct":93.85},"branches":{"total":393,"covered":318,"skipped":0,"pct":80.91},"branchesTrue":{"total":0,"covered":0,"skipped":0,"pct":100}}
,"D:\\CC-Switch-Pro\\src\\adapters\\cc-switch\\CcSwitchAdapter.ts": {"lines":{"total":259,"covered":193,"skipped":0,"pct":74.51},"functions":{"total":13,"covered":10,"skipped":0,"pct":76.92},"statements":{"total":259,"covered":193,"skipped":0,"pct":74.51},"branches":{"total":70,"covered":41,"skipped":0,"pct":58.57}}
,"D:\\CC-Switch-Pro\\src\\adapters\\ipc\\IpcBridge.ts": {"lines":{"total":229,"covered":222,"skipped":0,"pct":96.94},"functions":{"total":34,"covered":32,"skipped":0,"pct":94.11},"statements":{"total":229,"covered":222,"skipped":0,"pct":96.94},"branches":{"total":41,"covered":40,"skipped":0,"pct":97.56}}
,"D:\\CC-Switch-Pro\\src\\adapters\\mcp\\FeishuMcpAdapter.ts": {"lines":{"total":112,"covered":112,"skipped":0,"pct":100},"functions":{"total":7,"covered":7,"skipped":0,"pct":100},"statements":{"total":112,"covered":112,"skipped":0,"pct":100},"branches":{"total":39,"covered":23,"skipped":0,"pct":58.97}}
,"D:\\CC-Switch-Pro\\src\\adapters\\mcp\\McpClient.ts": {"lines":{"total":44,"covered":44,"skipped":0,"pct":100},"functions":{"total":4,"covered":4,"skipped":0,"pct":100},"statements":{"total":44,"covered":44,"skipped":0,"pct":100},"branches":{"total":13,"covered":13,"skipped":0,"pct":100}}
,"D:\\CC-Switch-Pro\\src\\adapters\\storage\\FileSystemStorage.ts": {"lines":{"total":105,"covered":101,"skipped":0,"pct":96.19},"functions":{"total":11,"covered":11,"skipped":0,"pct":100},"statements":{"total":105,"covered":101,"skipped":0,"pct":96.19},"branches":{"total":25,"covered":23,"skipped":0,"pct":92}}
,"D:\\CC-Switch-Pro\\src\\core\\command\\CommandParser.ts": {"lines":{"total":198,"covered":196,"skipped":0,"pct":98.98},"functions":{"total":9,"covered":9,"skipped":0,"pct":100},"statements":{"total":198,"covered":196,"skipped":0,"pct":98.98},"branches":{"total":38,"covered":36,"skipped":0,"pct":94.73}}
,"D:\\CC-Switch-Pro\\src\\core\\panel\\PanelBus.ts": {"lines":{"total":76,"covered":76,"skipped":0,"pct":100},"functions":{"total":6,"covered":6,"skipped":0,"pct":100},"statements":{"total":76,"covered":76,"skipped":0,"pct":100},"branches":{"total":9,"covered":9,"skipped":0,"pct":100}}
,"D:\\CC-Switch-Pro\\src\\core\\workflow\\WorkflowEngine.ts": {"lines":{"total":359,"covered":329,"skipped":0,"pct":91.64},"functions":{"total":14,"covered":13,"skipped":0,"pct":92.85},"statements":{"total":359,"covered":329,"skipped":0,"pct":91.64},"branches":{"total":57,"covered":43,"skipped":0,"pct":75.43}}
,"D:\\CC-Switch-Pro\\src\\core\\workflow\\WorkflowStore.ts": {"lines":{"total":168,"covered":163,"skipped":0,"pct":97.02},"functions":{"total":12,"covered":11,"skipped":0,"pct":91.66},"statements":{"total":168,"covered":163,"skipped":0,"pct":97.02},"branches":{"total":50,"covered":47,"skipped":0,"pct":94}}
,"D:\\CC-Switch-Pro\\src\\core\\workflow\\WorkflowValidator.ts": {"lines":{"total":194,"covered":184,"skipped":0,"pct":94.84},"functions":{"total":4,"covered":4,"skipped":0,"pct":100},"statements":{"total":194,"covered":184,"skipped":0,"pct":94.84},"branches":{"total":51,"covered":43,"skipped":0,"pct":84.31}}
}
